<?xml version="1.0" encoding="UTF-8"?>
<!-- Generated by org.testng.reporters.JUnitReportReporter -->
<testsuite hostname="DESKTOP-2GD0FUF" failures="0" tests="1" name="task6.task6.AppTest" time="0.007" errors="0" timestamp="2024-04-03T11:01:57 IST" skipped="0">
  <testcase classname="task6.task6.AppTest" name="testApp" time="0.007"/>
</testsuite> <!-- task6.task6.AppTest -->
